<?xml version="1.0" encoding="UTF-8"?>
<testsuite xmlns:xsi="http://www.w3.org/2001/XMLSchema-instance" xsi:noNamespaceSchemaLocation="https://maven.apache.org/surefire/maven-surefire-plugin/xsd/surefire-test-report-3.0.xsd" version="3.0" name="com.example.FirstRest.FirstRestApplicationTests" time="8.112" tests="1" errors="0" skipped="0" failures="0">
  <properties>
[...]
</properties>
  <testcase name="contextLoads" classname="com.example.FirstRest.FirstRestApplicationTests" time="2.173">
    <system-out><![CDATA[11:21:19.896 [main] INFO org.springframework.test.context.support.AnnotationConfigContextLoaderUtils -- Could not detect default configuration classes for test class [com.example.FirstRest.FirstRestApplicationTests]: FirstRestApplicationTests does not declare any static, non-private, non-final, nested classes annotated with @Configuration.
11:21:20.179 [main] INFO org.springframework.boot.test.context.SpringBootTestContextBootstrapper -- Found @SpringBootConfiguration com.example.FirstRest.FirstRestApplication for test class com.example.FirstRest.FirstRestApplicationTests
11:21:20.573 [main] INFO org.springframework.boot.devtools.restart.RestartApplicationListener -- Restart disabled due to context in which it is running

  .   ____          _            __ _ _
 /\\ / ___'_ __ _ _(_)_ __  __ _ \ \ \ \
( ( )\___ | '_ | '_| | '_ \/ _` | \ \ \ \
 \\/  ___)| |_)| | | | | || (_| |  ) ) ) )
  '  |____| .__|_| |_|_| |_\__, | / / / /
 =========|_|==============|___/=/_/_/_/

 :: Spring Boot ::                (v3.3.2)

2024-08-03T11:21:21.142+05:30  INFO 31628 --- [FirstRest] [           main] c.e.FirstRest.FirstRestApplicationTests  : Starting FirstRestApplicationTests using Java 17.0.1 with PID 31628 (started by 284710 in C:\Users\284710\Documents\FirstRest)
2024-08-03T11:21:21.146+05:30  INFO 31628 --- [FirstRest] [           main] c.e.FirstRest.FirstRestApplicationTests  : No active profile set, falling back to 1 default profile: "default"
2024-08-03T11:21:25.103+05:30  INFO 31628 --- [FirstRest] [           main] o.s.b.a.e.web.EndpointLinksResolver      : Exposing 1 endpoint beneath base path '/actuator'
2024-08-03T11:21:25.261+05:30  INFO 31628 --- [FirstRest] [           main] c.e.FirstRest.FirstRestApplicationTests  : Started FirstRestApplicationTests in 4.715 seconds (process running for 6.885)
]]></system-out>
  </testcase>
</testsuite>